<?xml version="1.0" encoding="UTF-8"?>
<testng-results skipped="0" failed="0" total="1" passed="1">
  <reporter-output>
  </reporter-output>
  <suite name="Suite" duration-ms="10550" started-at="2018-07-04T07:04:42Z" finished-at="2018-07-04T07:04:53Z">
    <groups>
    </groups>
    <test name="Test" duration-ms="10550" started-at="2018-07-04T07:04:42Z" finished-at="2018-07-04T07:04:53Z">
      <class name="com.chiselon.CrossBrowser.CBTest">
        <test-method status="PASS" signature="setup(java.lang.String)[pri:0, instance:com.chiselon.CrossBrowser.CBTest@39aeed2f]" name="setup" is-config="true" duration-ms="7620" started-at="2018-07-04T12:34:42Z" finished-at="2018-07-04T12:34:50Z">
          <params>
            <param index="0">
              <value>
                <![CDATA[firefox]]>
              </value>
            </param>
          </params>
          <reporter-output>
          </reporter-output>
        </test-method> <!-- setup -->
        <test-method status="PASS" signature="testParameterWithXML()[pri:0, instance:com.chiselon.CrossBrowser.CBTest@39aeed2f]" name="testParameterWithXML" duration-ms="2905" started-at="2018-07-04T12:34:50Z" finished-at="2018-07-04T12:34:53Z">
          <reporter-output>
          </reporter-output>
        </test-method> <!-- testParameterWithXML -->
      </class> <!-- com.chiselon.CrossBrowser.CBTest -->
    </test> <!-- Test -->
  </suite> <!-- Suite -->
</testng-results>
